android/app/build/intermediates/manifest_merge_blame_file/debug/manifest-merger-blame-debug-report.txt
1<?xml version="1.0" encoding="utf-8"?>
2<manifest xmlns:android="http://schemas.android.com/apk/res/android"
3    package="com.liveanchor"
4    android:versionCode="1"
5    android:versionName="1.0" >
6
7    <uses-sdk
8        android:minSdkVersion="21"
8-->src\main\AndroidManifest.xml
9        android:targetSdkVersion="33" />
9-->src\main\AndroidManifest.xml
10
11    <!-- Required permissions -->
12    <uses-permission android:name="android.permission.INTERNET" />
12-->src\main\AndroidManifest.xml:6:5-67
12-->src\main\AndroidManifest.xml:6:22-64
13    <uses-permission android:name="android.permission.ACCESS_NETWORK_STATE" />
13-->src\main\AndroidManifest.xml:7:5-79
13-->src\main\AndroidManifest.xml:7:22-76
14    <uses-permission android:name="android.permission.CAMERA" />
14-->src\main\AndroidManifest.xml:8:5-65
14-->src\main\AndroidManifest.xml:8:22-62
15    <uses-permission android:name="android.permission.RECORD_AUDIO" />
15-->src\main\AndroidManifest.xml:9:5-71
15-->src\main\AndroidManifest.xml:9:22-68
16    <uses-permission android:name="android.permission.WRITE_EXTERNAL_STORAGE" />
16-->src\main\AndroidManifest.xml:10:5-81
16-->src\main\AndroidManifest.xml:10:22-78
17    <uses-permission android:name="android.permission.READ_EXTERNAL_STORAGE" />
17-->src\main\AndroidManifest.xml:11:5-80
17-->src\main\AndroidManifest.xml:11:22-77
18
19    <application
19-->src\main\AndroidManifest.xml:13:5-30:19
20        android:allowBackup="true"
20-->src\main\AndroidManifest.xml:14:9-35
21        android:appComponentFactory="androidx.core.app.CoreComponentFactory"
21-->[androidx.core:core:1.7.0] AndroidManifest.xml:24:18-86
22        android:debuggable="true"
23        android:icon="@mipmap/ic_launcher"
23-->src\main\AndroidManifest.xml:15:9-43
24        android:label="@string/app_name"
24-->src\main\AndroidManifest.xml:16:9-41
25        android:theme="@android:style/Theme.Material.Light"
25-->src\main\AndroidManifest.xml:17:9-60
26        android:usesCleartextTraffic="true" >
26-->src\main\AndroidManifest.xml:18:9-44
27        <activity
27-->src\main\AndroidManifest.xml:20:9-28:20
28            android:name="com.liveanchor.MainActivity"
28-->src\main\AndroidManifest.xml:21:13-41
29            android:exported="true"
29-->src\main\AndroidManifest.xml:22:13-36
30            android:screenOrientation="portrait" >
30-->src\main\AndroidManifest.xml:23:13-49
31            <intent-filter>
31-->src\main\AndroidManifest.xml:24:13-27:29
32                <action android:name="android.intent.action.MAIN" />
32-->src\main\AndroidManifest.xml:25:17-69
32-->src\main\AndroidManifest.xml:25:25-66
33
34                <category android:name="android.intent.category.LAUNCHER" />
34-->src\main\AndroidManifest.xml:26:17-77
34-->src\main\AndroidManifest.xml:26:27-74
35            </intent-filter>
36        </activity>
37
38        <provider
38-->[androidx.emoji2:emoji2:1.0.0] AndroidManifest.xml:26:9-34:20
39            android:name="androidx.startup.InitializationProvider"
39-->[androidx.emoji2:emoji2:1.0.0] AndroidManifest.xml:27:13-67
40            android:authorities="com.liveanchor.androidx-startup"
40-->[androidx.emoji2:emoji2:1.0.0] AndroidManifest.xml:28:13-68
41            android:exported="false" >
41-->[androidx.emoji2:emoji2:1.0.0] AndroidManifest.xml:29:13-37
42            <meta-data
42-->[androidx.emoji2:emoji2:1.0.0] AndroidManifest.xml:31:13-33:52
43                android:name="androidx.emoji2.text.EmojiCompatInitializer"
43-->[androidx.emoji2:emoji2:1.0.0] AndroidManifest.xml:32:17-75
44                android:value="androidx.startup" />
44-->[androidx.emoji2:emoji2:1.0.0] AndroidManifest.xml:33:17-49
45            <meta-data
45-->[androidx.lifecycle:lifecycle-process:2.4.0] AndroidManifest.xml:31:13-33:52
46                android:name="androidx.lifecycle.ProcessLifecycleInitializer"
46-->[androidx.lifecycle:lifecycle-process:2.4.0] AndroidManifest.xml:32:17-78
47                android:value="androidx.startup" />
47-->[androidx.lifecycle:lifecycle-process:2.4.0] AndroidManifest.xml:33:17-49
48        </provider>
49    </application>
50
51</manifest>